<?xml version="1.0" encoding="UTF-8"?>
<testsuite name="TestsTreiberStackWithElimination" tests="2" skipped="0" failures="0" errors="0" timestamp="2024-04-04T13:59:22" hostname="LAPTOP-4GT1SVLV" time="28.706">
  <properties/>
  <testcase name="stressTest()" classname="TestsTreiberStackWithElimination" time="7.752"/>
  <testcase name="modelCheckingTest()" classname="TestsTreiberStackWithElimination" time="20.953"/>
  <system-out><![CDATA[]]></system-out>
  <system-err><![CDATA[]]></system-err>
</testsuite>
