<?xml version="1.0" encoding="UTF-8"?>
<testsuite name="TestsTreiberStackWithElimination" tests="2" skipped="0" failures="0" errors="0" timestamp="2024-04-05T05:27:51" hostname="LAPTOP-4GT1SVLV" time="31.658">
  <properties/>
  <testcase name="stressTest()" classname="TestsTreiberStackWithElimination" time="8.969"/>
  <testcase name="modelCheckingTest()" classname="TestsTreiberStackWithElimination" time="22.689"/>
  <system-out><![CDATA[]]></system-out>
  <system-err><![CDATA[]]></system-err>
</testsuite>
