<?xml version="1.0" encoding="UTF-8"?>
<testsuite name="TestsOptimisticBST" tests="2" skipped="0" failures="0" errors="0" timestamp="2024-05-23T14:34:46" hostname="LAPTOP-4GT1SVLV" time="0.387">
  <properties/>
  <testcase name="one thread test()" classname="TestsOptimisticBST" time="0.095"/>
  <testcase name="parallel test()" classname="TestsOptimisticBST" time="0.29"/>
  <system-out><![CDATA[]]></system-out>
  <system-err><![CDATA[]]></system-err>
</testsuite>
